0 info it worked if it ends with ok
1 verbose cli [ 'node',
1 verbose cli   '/usr/local/bin/npm',
1 verbose cli   'install',
1 verbose cli   '-g',
1 verbose cli   'generator-angular-ui-router' ]
2 info using npm@2.1.6
3 info using node@v0.10.26
4 silly cache add args [ 'generator-angular-ui-router', null ]
5 verbose cache add spec generator-angular-ui-router
6 silly cache add parsed spec { raw: 'generator-angular-ui-router',
6 silly cache add   scope: null,
6 silly cache add   name: 'generator-angular-ui-router',
6 silly cache add   rawSpec: '',
6 silly cache add   spec: '*',
6 silly cache add   type: 'range' }
7 verbose addNamed generator-angular-ui-router@*
8 silly addNamed semver.valid null
9 silly addNamed semver.validRange *
10 silly addNameRange { name: 'generator-angular-ui-router',
10 silly addNameRange   range: '*',
10 silly addNameRange   hasData: false }
11 verbose mapToRegistry name generator-angular-ui-router
12 verbose mapToRegistry uri https://registry.npmjs.org/generator-angular-ui-router
13 verbose addNameRange registry:https://registry.npmjs.org/generator-angular-ui-router not in flight; fetching
14 verbose request on initialization, where is /generator-angular-ui-router
15 verbose request after pass 1, where is /generator-angular-ui-router
16 verbose request url raw /generator-angular-ui-router
17 verbose request resolving registry [ 'https://registry.npmjs.org/',
17 verbose request   './generator-angular-ui-router' ]
18 verbose request after pass 2, where is https://registry.npmjs.org/generator-angular-ui-router
19 verbose request no auth needed
20 info attempt registry request try #1 at 22:13:27
21 verbose request id 7be7ab743dcf8c91
22 http request GET https://registry.npmjs.org/generator-angular-ui-router
23 http 200 https://registry.npmjs.org/generator-angular-ui-router
24 silly registry.get cb [ 200,
24 silly registry.get   { date: 'Fri, 13 Feb 2015 06:13:28 GMT',
24 silly registry.get     server: 'CouchDB/1.5.0 (Erlang OTP/R16B03)',
24 silly registry.get     etag: '"EWHZUV19QVHT75OWBAJ0WADPH"',
24 silly registry.get     'content-type': 'application/json',
24 silly registry.get     'cache-control': 'max-age=60',
24 silly registry.get     'content-length': '52486',
24 silly registry.get     'accept-ranges': 'bytes',
24 silly registry.get     via: '1.1 varnish',
24 silly registry.get     age: '0',
24 silly registry.get     'x-served-by': 'cache-sjc3131-SJC',
24 silly registry.get     'x-cache': 'MISS',
24 silly registry.get     'x-cache-hits': '0',
24 silly registry.get     'x-timer': 'S1423808008.688670,VS0,VE241',
24 silly registry.get     vary: 'Accept',
24 silly registry.get     'keep-alive': 'timeout=10, max=50',
24 silly registry.get     connection: 'Keep-Alive' } ]
25 silly addNameRange number 2 { name: 'generator-angular-ui-router',
25 silly addNameRange   range: '*',
25 silly addNameRange   hasData: true }
26 silly addNameRange versions [ 'generator-angular-ui-router',
26 silly addNameRange   [ '0.5.0', '0.5.1', '0.5.2', '0.5.3' ] ]
27 verbose addNamed generator-angular-ui-router@0.5.3
28 silly addNamed semver.valid 0.5.3
29 silly addNamed semver.validRange 0.5.3
30 verbose addRemoteTarball https://registry.npmjs.org/generator-angular-ui-router/-/generator-angular-ui-router-0.5.3.tgz not in flight; adding
31 verbose addRemoteTarball [ 'https://registry.npmjs.org/generator-angular-ui-router/-/generator-angular-ui-router-0.5.3.tgz',
31 verbose addRemoteTarball   '050f35c9470708a31f4c1ec300e03510e916eacd' ]
32 info retry fetch attempt 1 at 22:13:29
33 info attempt registry request try #1 at 22:13:29
34 http fetch GET https://registry.npmjs.org/generator-angular-ui-router/-/generator-angular-ui-router-0.5.3.tgz
35 http fetch 200 https://registry.npmjs.org/generator-angular-ui-router/-/generator-angular-ui-router-0.5.3.tgz
36 silly fetchAndShaCheck shasum 050f35c9470708a31f4c1ec300e03510e916eacd
37 verbose addTmpTarball /var/folders/4z/b7b9xf792jb2lwksjz1swx300000gn/T/npm-7905-09bb0fa3/registry.npmjs.org/generator-angular-ui-router/-/generator-angular-ui-router-0.5.3.tgz not in flight; adding
38 verbose addTmpTarball already have metadata; skipping unpack for generator-angular-ui-router@0.5.3
39 silly cache afterAdd generator-angular-ui-router@0.5.3
40 verbose afterAdd /Users/jenniferwnelson/.npm/generator-angular-ui-router/0.5.3/package/package.json not in flight; writing
41 verbose afterAdd /Users/jenniferwnelson/.npm/generator-angular-ui-router/0.5.3/package/package.json written
42 silly install resolved [ { name: 'generator-angular-ui-router',
42 silly install resolved     version: '0.5.3',
42 silly install resolved     description: 'Yeoman generator for AngularJS( include UI-router )',
42 silly install resolved     keywords:
42 silly install resolved      [ 'yeoman-generator',
42 silly install resolved        'scaffold',
42 silly install resolved        'framework',
42 silly install resolved        'component',
42 silly install resolved        'front-end',
42 silly install resolved        'app' ],
42 silly install resolved     homepage: 'https://github.com/yeoman/generator-angular',
42 silly install resolved     bugs: { url: 'https://github.com/iamblue/generator-angular-ui-router/issues' },
42 silly install resolved     author: { name: 'Chrome Developer Relations' },
42 silly install resolved     main: 'app/index.js',
42 silly install resolved     repository:
42 silly install resolved      { type: 'git',
42 silly install resolved        url: 'git://github.com/iamblue/generator-angular-ui-router.git' },
42 silly install resolved     scripts: { test: 'mocha' },
42 silly install resolved     dependencies: { 'yeoman-generator': '~0.13.0' },
42 silly install resolved     peerDependencies: { 'generator-karma': '~0.5.0', yo: '>=1.0.0-rc.1.1' },
42 silly install resolved     devDependencies:
42 silly install resolved      { mocha: '~1.13.0',
42 silly install resolved        grunt: '~0.4.1',
42 silly install resolved        'grunt-contrib-jshint': '~0.6.0',
42 silly install resolved        'grunt-conventional-changelog': '~1.0.0',
42 silly install resolved        'load-grunt-tasks': '~0.1.0',
42 silly install resolved        marked: '~0.2.8',
42 silly install resolved        semver: '~2.1.0',
42 silly install resolved        'underscore.string': '~2.3.1',
42 silly install resolved        'grunt-release': '~0.6.0' },
42 silly install resolved     engines: { node: '>=0.8.0', npm: '>=1.2.10' },
42 silly install resolved     licenses: [ [Object] ],
42 silly install resolved     readme: '# AngularJS generator (add ui-router plugin)\n\nThis project fork from :yeoman / generator-angular\nI add \'ui-router\' plugin in this module.\n\nMaintainer: [iamblue](https://github.com/iamblue)\n\nBased on [angular-seed](https://github.com/angular/angular-seed/)\n\n\n## Usage\n\nInstall `generator-angular-ui-router`:\n```\nnpm install -g generator-angular-ui-router\n```\n\nMake a new directory, and `cd` into it:\n```\nmkdir my-new-project && cd $_\n```\n\nRun `yo angular-ui-router`, optionally passing an app name:\n```\nyo angular-ui-router [app-name]\n```\n\nOptionally using Sass:\n```\n[?] Would you like to use Sass with the Compass CSS Authoring Framework? Yes\n[?] Which syntax do you prefer? (Use arrow keys)\n❯ sass \n  scss \n```\n\n## Generators\n\nAvailable generators:\n\n* [angular-ui-router](#app) (aka [angular-ui-router:app](#app))\n* [angular-ui-router:controller](#controller)\n* [angular-ui-router:directive](#directive)\n* [angular-ui-router:filter](#filter)\n* [angular-ui-router:route](#route)\n* [angular-ui-router:service](#service)\n* [angular-ui-router:provider](#service)\n* [angular-ui-router:factory](#service)\n* [angular-ui-router:value](#service)\n* [angular-ui-router:constant](#service)\n* [angular-ui-router:decorator] (#decorator)\n* [angular-ui-router:view](#view)\n\n**Note: Generators are to be run from the root directory of your app.**\n\n### App\nSets up a new AngularJS app, generating all the boilerplate you need to get started. The app generator also optionally installs Twitter Bootstrap and additional AngularJS modules, such as angular-resource.\n\nExample:\n```bash\nyo angular-ui-router\n```\n\n### Route\nGenerates a controller and view, and configures a route in `app/scripts/app.js` connecting them.\n\nExample:\n```bash\nyo angular-ui-router:route myroute\n```\n\nProduces `app/scripts/controllers/myroute.js`:\n```javascript\nangular.module(\'myMod\').controller(\'MyrouteCtrl\', function ($scope) {\n  // ...\n});\n```\n\nProduces `app/views/myroute.html`:\n```html\n<p>This is the myroute view</p>\n```\n\n### Controller\nGenerates a controller in `app/scripts/controllers`.\n\nExample:\n```bash\nyo angular-ui-router:controller user\n```\n\nProduces `app/scripts/controllers/user.js`:\n```javascript\nangular.module(\'myMod\').controller(\'UserCtrl\', function ($scope) {\n  // ...\n});\n```\n### Directive\nGenerates a directive in `app/scripts/directives`.\n\nExample:\n```bash\nyo angular-ui-router:directive myDirective\n```\n\nProduces `app/scripts/directives/myDirective.js`:\n```javascript\nangular.module(\'myMod\').directive(\'myDirective\', function () {\n  return {\n    template: \'<div></div>\',\n    restrict: \'E\',\n    link: function postLink(scope, element, attrs) {\n      element.text(\'this is the myDirective directive\');\n    }\n  };\n});\n```\n\n### Filter\nGenerates a filter in `app/scripts/filters`.\n\nExample:\n```bash\nyo angular-ui-router:filter myFilter\n```\n\nProduces `app/scripts/filters/myFilter.js`:\n```javascript\nangular.module(\'myMod\').filter(\'myFilter\', function () {\n  return function (input) {\n    return \'myFilter filter:\' + input;\n  };\n});\n```\n\n### View\nGenerates an HTML view file in `app/views`.\n\nExample:\n```bash\nyo angular-ui-router:view user\n```\n\nProduces `app/views/user.html`:\n```html\n<p>This is the user view</p>\n```\n\n### Service\nGenerates an AngularJS service.\n\nExample:\n```bash\nyo angular-ui-router:service myService\n```\n\nProduces `app/scripts/services/myService.js`:\n```javascript\nangular.module(\'myMod\').service(\'myService\', function () {\n  // ...\n});\n```\n\nYou can also do `yo angular-ui-router:factory`, `yo angular-ui-router:provider`, `yo angular-ui-router:value`, and `yo angular-ui-router:constant` for other types of services.\n\n### Decorator\nGenerates an AngularJS service decorator.\n\nExample:\n```bash\nyo angular-ui-router:decorator serviceName\n```\n\nProduces `app/scripts/decorators/serviceNameDecorator.js`:\n```javascript\nangular.module(\'myMod\').config(function ($provide) {\n    $provide.decorator(\'serviceName\', function ($delegate) {\n      // ...\n      return $delegate;\n    });\n  });\n```\n\n## Options\nIn general, these options can be applied to any generator, though they only affect generators that produce scripts.\n\n### CoffeeScript\nFor generators that output scripts, the `--coffee` option will output CoffeeScript instead of JavaScript.\n\nFor example:\n```bash\nyo angular-ui-router:controller user --coffee\n```\n\nProduces `app/scripts/controller/user.coffee`:\n```coffeescript\nangular.module(\'myMod\')\n  .controller \'UserCtrl\', ($scope) ->\n```\n\nA project can mix CoffeScript and JavaScript files.\n\n### Minification Safe\nBy default, generators produce unannotated code. Without annotations, AngularJS\'s DI system will break when minified. Typically, these annotations that make minification safe are added automatically at build-time, after application files are concatenated, but before they are minified. By providing the `--minsafe` option, the code generated will out-of-the-box be ready for minification. The trade-off is between amount of boilerplate, and build process complexity.\n\n#### Example\n```bash\nyo angular-ui-router:controller user --minsafe\n```\n\nProduces `app/controller/user.js`:\n```javascript\nangular.module(\'myMod\').controller(\'UserCtrl\', [\'$scope\', function ($scope) {\n  // ...\n}]);\n```\n\n#### Background\nUnannotated:\n```javascript\nangular.module(\'myMod\').controller(\'MyCtrl\', function ($scope, $http, myService) {\n  // ...\n});\n```\n\nAnnotated:\n```javascript\nangular.module(\'myMod\').controller(\'MyCtrl\',\n  [\'$scope\', \'$http\', \'myService\', function ($scope, $http, myService) {\n\n    // ...\n  }]);\n```\n\nThe annotations are important because minified code will rename variables, making it impossible for AngularJS to infer module names based solely on function parameters.\n\nThe recommended build process uses `ngmin`, a tool that automatically adds these annotations. However, if you\'d rather not use `ngmin`, you have to add these annotations manually yourself.\n\n## Bower Components\n\nThe following packages are always installed by the [app](#app) generator:\n\n* angular\n* angular-mocks\n* angular-scenario\n\n\nThe following additional modules are available as components on bower, and installable via `bower install`:\n\n* angular-cookies\n* angular-loader\n* angular-resource\n* angular-sanitize\n* angular-ui-router\n\nAll of these can be updated with `bower update` as new versions of AngularJS are released.\n\n## Configuration\nYeoman generated projects can be further tweaked according to your needs by modifying project files appropriately.\n\n### Output\nYou can change the `app` directory by adding a `appPath` property to `bower.json`. For instance, if you wanted to easily integrate with Express.js, you could add the following:\n\n```json\n{\n  "name": "yo-testt",\n  "version": "0.0.0",\n  ...\n  "appPath": "public"\n}\n\n```\nThis will cause Yeoman-generated client-side files to be placed in `public`.\n\n## Testing\n\nFor tests to work properly, karma needs the `angular-mocks` bower package.\nThis script is included in the bower.json in the `devDependencies` section, which will\nbe available very soon, probably with the next minor release of bower.\n\nWhile bower `devDependencies` are not yet implemented, you can fix it by running:\n```bash\nbower install angular-mocks\n```\n\nBy running `grunt test` you should now be able to run your unit tests with karma.\n\n## Contribute\n\nSee the [contributing docs](https://github.com/yeoman/yeoman/blob/master/contributing.md)\n\nWhen submitting an issue, please follow the [guidelines](https://github.com/yeoman/yeoman/blob/master/contributing.md#issue-submission). Especially important is to make sure Yeoman is up-to-date, and providing the command or commands that cause the issue.\n\nWhen submitting a PR, make sure that the commit messages match the [AngularJS conventions](https://docs.google.com/document/d/1QrDFcIiPjSLDn3EL15IJygNPiHORgU1_OOAqWjiDU5Y/).\n\nWhen submitting a bugfix, write a test that exposes the bug and fails before applying your fix. Submit the test alongside the fix.\n\nWhen submitting a new feature, add tests that cover the feature.\n\n## License\n\n[BSD license](http://opensource.org/licenses/bsd-license.php)\n',
42 silly install resolved     readmeFilename: 'readme.md',
42 silly install resolved     _id: 'generator-angular-ui-router@0.5.3',
42 silly install resolved     dist:
42 silly install resolved      { shasum: '050f35c9470708a31f4c1ec300e03510e916eacd',
42 silly install resolved        tarball: 'http://registry.npmjs.org/generator-angular-ui-router/-/generator-angular-ui-router-0.5.3.tgz' },
42 silly install resolved     _from: 'generator-angular-ui-router@*',
42 silly install resolved     _npmVersion: '1.3.11',
42 silly install resolved     _npmUser: { name: 'iamblue', email: 'tonyone0902@gmail.com' },
42 silly install resolved     maintainers: [ [Object] ],
42 silly install resolved     directories: {},
42 silly install resolved     _shasum: '050f35c9470708a31f4c1ec300e03510e916eacd',
42 silly install resolved     _resolved: 'https://registry.npmjs.org/generator-angular-ui-router/-/generator-angular-ui-router-0.5.3.tgz' } ]
43 info install generator-angular-ui-router@0.5.3 into /usr/local/lib
44 info installOne generator-angular-ui-router@0.5.3
45 verbose installOne of generator-angular-ui-router to /usr/local/lib not in flight; installing
46 warn locking Error: EACCES, open '/Users/jenniferwnelson/.npm/_locks/generator-angular-ui-rou-3765bc76f8116011.lock'
46 warn locking  /Users/jenniferwnelson/.npm/_locks/generator-angular-ui-rou-3765bc76f8116011.lock failed { [Error: EACCES, open '/Users/jenniferwnelson/.npm/_locks/generator-angular-ui-rou-3765bc76f8116011.lock']
46 warn locking   errno: 3,
46 warn locking   code: 'EACCES',
46 warn locking   path: '/Users/jenniferwnelson/.npm/_locks/generator-angular-ui-rou-3765bc76f8116011.lock' }
47 verbose stack Error: Attempt to unlock /usr/local/lib/node_modules/generator-angular-ui-router, which hasn't been locked
47 verbose stack     at unlock (/usr/local/lib/node_modules/npm/lib/utils/locker.js:66:11)
47 verbose stack     at cb (/usr/local/lib/node_modules/npm/lib/install.js:929:5)
47 verbose stack     at /usr/local/lib/node_modules/npm/lib/install.js:933:20
47 verbose stack     at /usr/local/lib/node_modules/npm/lib/utils/locker.js:40:9
47 verbose stack     at cb (/usr/local/lib/node_modules/npm/node_modules/lockfile/lockfile.js:149:38)
47 verbose stack     at /usr/local/lib/node_modules/npm/node_modules/lockfile/lockfile.js:177:38
47 verbose stack     at Object.oncomplete (fs.js:107:15)
48 verbose cwd /Users/jenniferwnelson/code/tbsa168y
49 error Darwin 14.1.0
50 error argv "node" "/usr/local/bin/npm" "install" "-g" "generator-angular-ui-router"
51 error node v0.10.26
52 error npm  v2.1.6
53 error Attempt to unlock /usr/local/lib/node_modules/generator-angular-ui-router, which hasn't been locked
54 error If you need help, you may report this error at:
54 error     <http://github.com/npm/npm/issues>
55 verbose exit [ 1, true ]
